<?xml version="1.0" encoding="UTF-8"?>
<!-- Generated by org.testng.reporters.JUnitXMLReporter -->
<testsuite ignored="2" hostname="LAPTOP-2A7KCU0G" failures="0" tests="0" time="0.018" errors="0" timestamp="2024-10-11T15:50:55 IST">
  <testcase classname="SeleniumFrameworkDesignRevision.SeleniumFrameworkDesignRevision.Tests.Standalone2" name="OrderHistroyPage" time="0.0">
    <ignored/>
  </testcase> <!-- OrderHistroyPage -->
  <testcase classname="SeleniumFrameworkDesignRevision.SeleniumFrameworkDesignRevision.Tests.Standalone2" name="submitOrder" time="0.0">
    <ignored/>
  </testcase> <!-- submitOrder -->
</testsuite>
