<?xml version="1.0" encoding="UTF-8"?>
<testng-results ignored="0" total="2" passed="2" failed="0" skipped="0">
  <reporter-output>
  </reporter-output>
  <suite started-at="2024-10-17T11:13:46 IST" name="Surefire suite" finished-at="2024-10-17T11:14:12 IST" duration-ms="25902">
    <groups>
      <group name="cucumber">
        <method signature="AbstractTestNGCucumberTests.runScenario(io.cucumber.testng.PickleWrapper,io.cucumber.testng.FeatureWrapper)[pri:0, instance:cucumber.TestNgTestRunner@45018215]" name="runScenario" class="io.cucumber.testng.AbstractTestNGCucumberTests"/>
      </group> <!-- cucumber -->
    </groups>
    <test started-at="2024-10-17T11:13:46 IST" name="Surefire test" finished-at="2024-10-17T11:14:12 IST" duration-ms="25902">
      <class name="cucumber.TestNgTestRunner">
        <test-method is-config="true" signature="setUpClass(org.testng.ITestContext)[pri:0, instance:cucumber.TestNgTestRunner@45018215]" started-at="2024-10-17T11:13:46 IST" name="setUpClass" finished-at="2024-10-17T11:13:47 IST" duration-ms="1016" status="PASS">
          <params>
            <param index="0">
              <value>
                <![CDATA[org.testng.TestRunner@30c1da48]]>
              </value>
            </param>
          </params>
          <reporter-output>
          </reporter-output>
        </test-method> <!-- setUpClass -->
        <test-method signature="runScenario(io.cucumber.testng.PickleWrapper,io.cucumber.testng.FeatureWrapper)[pri:0, instance:cucumber.TestNgTestRunner@45018215]" started-at="2024-10-17T11:13:47 IST" name="runScenario" description="Runs Cucumber Scenarios" data-provider="scenarios" finished-at="2024-10-17T11:13:53 IST" duration-ms="5574" status="PASS">
          <params>
            <param index="0">
              <value>
                <![CDATA["Login Error Validation"]]>
              </value>
            </param>
            <param index="1">
              <value>
                <![CDATA["Login Error validation"]]>
              </value>
            </param>
          </params>
          <reporter-output>
          </reporter-output>
        </test-method> <!-- runScenario -->
        <test-method signature="runScenario(io.cucumber.testng.PickleWrapper,io.cucumber.testng.FeatureWrapper)[pri:0, instance:cucumber.TestNgTestRunner@45018215]" started-at="2024-10-17T11:13:53 IST" name="runScenario" description="Runs Cucumber Scenarios" data-provider="scenarios" finished-at="2024-10-17T11:14:12 IST" duration-ms="19203" status="PASS">
          <params>
            <param index="0">
              <value>
                <![CDATA["Positive scenario of Order creation"]]>
              </value>
            </param>
            <param index="1">
              <value>
                <![CDATA["Order creation on E-commerce application"]]>
              </value>
            </param>
          </params>
          <reporter-output>
          </reporter-output>
        </test-method> <!-- runScenario -->
        <test-method is-config="true" signature="tearDownClass()[pri:0, instance:cucumber.TestNgTestRunner@45018215]" started-at="2024-10-17T11:14:12 IST" name="tearDownClass" finished-at="2024-10-17T11:14:12 IST" duration-ms="47" status="PASS">
          <reporter-output>
          </reporter-output>
        </test-method> <!-- tearDownClass -->
      </class> <!-- cucumber.TestNgTestRunner -->
    </test> <!-- Surefire test -->
  </suite> <!-- Surefire suite -->
</testng-results>
